<?xml version="1.0" encoding="UTF-8"?>
<!-- Generated by org.testng.reporters.JUnitXMLReporter -->
<testsuite hostname="dell-PC" ignored="0" name="Functional" tests="1" failures="1" timestamp="20 Jan 2019 16:11:08 GMT" time="0.048" errors="0">
  <testcase name="driverScript" time="0.011" classname="automationFramework.DriverScript">
    <failure type="java.lang.NullPointerException">
      <![CDATA[java.lang.NullPointerException
at automationFramework.DriverScript.driverScript(DriverScript.java:41)
... Removed 25 stack frames]]>
    </failure>
  </testcase> <!-- driverScript -->
</testsuite> <!-- Functional -->
