<?xml version="1.0" encoding="UTF-8"?>
<testng-results skipped="0" failed="0" ignored="0" total="1" passed="1">
  <reporter-output>
  </reporter-output>
  <suite name="bddFramework" duration-ms="16976" started-at="2019-01-20T14:05:19Z" finished-at="2019-01-20T14:05:36Z">
    <groups>
    </groups>
    <test name="Functional" duration-ms="16976" started-at="2019-01-20T14:05:19Z" finished-at="2019-01-20T14:05:36Z">
      <class name="automationFramework.DriverScript">
        <test-method status="PASS" signature="driverScript()[pri:0, instance:automationFramework.DriverScript@5c7fa833]" name="driverScript" duration-ms="16910" started-at="2019-01-20T14:05:19Z" finished-at="2019-01-20T14:05:36Z">
          <reporter-output>
          </reporter-output>
        </test-method> <!-- driverScript -->
      </class> <!-- automationFramework.DriverScript -->
    </test> <!-- Functional -->
  </suite> <!-- bddFramework -->
</testng-results>
